# JRE version: Java(TM) SE Runtime Environment (17.0.12+8) (build 17.0.12+8-LTS-286)
# Java VM: Java HotSpot(TM) 64-Bit Server VM (17.0.12+8-LTS-286, mixed mode, sharing, tiered, compressed oops, compressed class ptrs, g1 gc, windows-amd64)
GC Precious Log:
 CPUs: 8 total, 8 available
 Memory: 16102M
 Large Page Support: Disabled
 NUMA Support: Disabled
 Compressed Oops: Enabled (Zero based)
 Heap Region Size: 2M
 Heap Min Capacity: 8M
 Heap Initial Capacity: 252M
 Heap Max Capacity: 4026M
 Pre-touch: Disabled
 Parallel Workers: 8
 Concurrent Workers: 2
 Concurrent Refinement Workers: 8
 Periodic GC: Disabled
Heap:
 garbage-first heap   total 817152K, used 332347K [0x0000000704600000, 0x0000000800000000)
  region size 2048K, 14 young (28672K), 14 survivors (28672K)
 Metaspace       used 84385K, committed 85056K, reserved 1179648K
  class space    used 8779K, committed 9152K, reserved 1048576K
GC Heap History (20 events):
Event: 7816.319 GC heap after
{Heap after GC invocations=167 (full 0):
 garbage-first heap   total 1202176K, used 216980K [0x0000000704600000, 0x0000000800000000)
  region size 2048K, 15 young (30720K), 15 survivors (30720K)
 Metaspace       used 84174K, committed 84864K, reserved 1179648K
  class space    used 8778K, committed 9152K, reserved 1048576K
}
Event: 7821.425 GC heap before
{Heap before GC invocations=168 (full 0):
 garbage-first heap   total 751616K, used 276372K [0x0000000704600000, 0x0000000800000000)
  region size 2048K, 44 young (90112K), 15 survivors (30720K)
 Metaspace       used 84183K, committed 84864K, reserved 1179648K
  class space    used 8778K, committed 9152K, reserved 1048576K
}
Event: 7821.543 GC heap after
{Heap after GC invocations=169 (full 0):
 garbage-first heap   total 751616K, used 225676K [0x0000000704600000, 0x0000000800000000)
  region size 2048K, 5 young (10240K), 5 survivors (10240K)
 Metaspace       used 84183K, committed 84864K, reserved 1179648K
  class space    used 8778K, committed 9152K, reserved 1048576K
}
Event: 7821.665 GC heap before
{Heap before GC invocations=169 (full 0):
 garbage-first heap   total 751616K, used 252300K [0x0000000704600000, 0x0000000800000000)
  region size 2048K, 18 young (36864K), 5 survivors (10240K)
 Metaspace       used 84183K, committed 84864K, reserved 1179648K
  class space    used 8778K, committed 9152K, reserved 1048576K
}
Event: 7821.749 GC heap after
{Heap after GC invocations=170 (full 0):
 garbage-first heap   total 751616K, used 209168K [0x0000000704600000, 0x0000000800000000)
  region size 2048K, 2 young (4096K), 2 survivors (4096K)
 Metaspace       used 84183K, committed 84864K, reserved 1179648K
  class space    used 8778K, committed 9152K, reserved 1048576K
}
Event: 7822.409 GC heap before
{Heap before GC invocations=170 (full 0):
 garbage-first heap   total 751616K, used 239888K [0x0000000704600000, 0x0000000800000000)
  region size 2048K, 18 young (36864K), 2 survivors (4096K)
 Metaspace       used 84209K, committed 84864K, reserved 1179648K
  class space    used 8778K, committed 9152K, reserved 1048576K
}
Event: 7822.432 GC heap after
{Heap after GC invocations=171 (full 0):
 garbage-first heap   total 751616K, used 212912K [0x0000000704600000, 0x0000000800000000)
  region size 2048K, 3 young (6144K), 3 survivors (6144K)
 Metaspace       used 84209K, committed 84864K, reserved 1179648K
  class space    used 8778K, committed 9152K, reserved 1048576K
}
Event: 7834.125 GC heap before
{Heap before GC invocations=171 (full 0):
 garbage-first heap   total 751616K, used 581552K [0x0000000704600000, 0x0000000800000000)
  region size 2048K, 183 young (374784K), 3 survivors (6144K)
 Metaspace       used 84294K, committed 84992K, reserved 1179648K
  class space    used 8779K, committed 9152K, reserved 1048576K
}
Event: 7834.272 GC heap after
{Heap after GC invocations=172 (full 0):
 garbage-first heap   total 751616K, used 246077K [0x0000000704600000, 0x0000000800000000)
  region size 2048K, 19 young (38912K), 19 survivors (38912K)
 Metaspace       used 84294K, committed 84992K, reserved 1179648K
  class space    used 8779K, committed 9152K, reserved 1048576K
}
Event: 7836.795 GC heap before
{Heap before GC invocations=173 (full 0):
 garbage-first heap   total 751616K, used 354621K [0x0000000704600000, 0x0000000800000000)
  region size 2048K, 72 young (147456K), 19 survivors (38912K)
 Metaspace       used 84296K, committed 84992K, reserved 1179648K
  class space    used 8779K, committed 9152K, reserved 1048576K
}
Event: 7836.981 GC heap after
{Heap after GC invocations=174 (full 0):
 garbage-first heap   total 751616K, used 257300K [0x0000000704600000, 0x0000000800000000)
  region size 2048K, 6 young (12288K), 6 survivors (12288K)
 Metaspace       used 84296K, committed 84992K, reserved 1179648K
  class space    used 8779K, committed 9152K, reserved 1048576K
}
Event: 7839.244 GC heap before
{Heap before GC invocations=174 (full 0):
 garbage-first heap   total 751616K, used 281876K [0x0000000704600000, 0x0000000800000000)
  region size 2048K, 18 young (36864K), 6 survivors (12288K)
 Metaspace       used 84297K, committed 84992K, reserved 1179648K
  class space    used 8779K, committed 9152K, reserved 1048576K
}
Event: 7839.300 GC heap after
{Heap after GC invocations=175 (full 0):
 garbage-first heap   total 751616K, used 253917K [0x0000000704600000, 0x0000000800000000)
  region size 2048K, 2 young (4096K), 2 survivors (4096K)
 Metaspace       used 84297K, committed 84992K, reserved 1179648K
  class space    used 8779K, committed 9152K, reserved 1048576K
}
Event: 7851.685 GC heap before
{Heap before GC invocations=175 (full 0):
 garbage-first heap   total 751616K, used 597981K [0x0000000704600000, 0x0000000800000000)
  region size 2048K, 170 young (348160K), 2 survivors (4096K)
 Metaspace       used 84354K, committed 85056K, reserved 1179648K
  class space    used 8779K, committed 9152K, reserved 1048576K
}
Event: 7851.725 GC heap after
{Heap after GC invocations=176 (full 0):
 garbage-first heap   total 751616K, used 281944K [0x0000000704600000, 0x0000000800000000)
  region size 2048K, 16 young (32768K), 16 survivors (32768K)
 Metaspace       used 84354K, committed 85056K, reserved 1179648K
  class space    used 8779K, committed 9152K, reserved 1048576K
}
Event: 7857.067 GC heap before
{Heap before GC invocations=177 (full 0):
 garbage-first heap   total 751616K, used 562520K [0x0000000704600000, 0x0000000800000000)
  region size 2048K, 153 young (313344K), 16 survivors (32768K)
 Metaspace       used 84375K, committed 85056K, reserved 1179648K
  class space    used 8779K, committed 9152K, reserved 1048576K
}
Event: 7857.186 GC heap after
{Heap after GC invocations=178 (full 0):
 garbage-first heap   total 751616K, used 308349K [0x0000000704600000, 0x0000000800000000)
  region size 2048K, 13 young (26624K), 13 survivors (26624K)
 Metaspace       used 84375K, committed 85056K, reserved 1179648K
  class space    used 8779K, committed 9152K, reserved 1048576K
}
Event: 7857.793 GC heap before
{Heap before GC invocations=178 (full 0):
 garbage-first heap   total 751616K, used 318589K [0x0000000704600000, 0x0000000800000000)
  region size 2048K, 18 young (36864K), 13 survivors (26624K)
 Metaspace       used 84375K, committed 85056K, reserved 1179648K
  class space    used 8779K, committed 9152K, reserved 1048576K
}
Event: 7857.902 GC heap after
{Heap after GC invocations=179 (full 0):
 garbage-first heap   total 751616K, used 306978K [0x0000000704600000, 0x0000000800000000)
  region size 2048K, 2 young (4096K), 2 survivors (4096K)
 Metaspace       used 84375K, committed 85056K, reserved 1179648K
  class space    used 8779K, committed 9152K, reserved 1048576K
}
Event: 7865.006 GC heap before
{Heap before GC invocations=179 (full 0):
 garbage-first heap   total 751616K, used 595746K [0x0000000704600000, 0x0000000800000000)
  region size 2048K, 143 young (292864K), 2 survivors (4096K)
 Metaspace       used 84385K, committed 85056K, reserved 1179648K
  class space    used 8779K, committed 9152K, reserved 1048576K
}

